{"C:\\Users\\USER\\Desktop\\NodeJs\\Assignment\\pizza_app\\controllers\\orderController.js": {"path":"C:\\Users\\USER\\Desktop\\NodeJs\\Assignment\\pizza_app\\controllers\\orderController.js","statementMap":{"0":{"start":{"line":1,"column":19},"end":{"line":1,"column":50}},"1":{"start":{"line":3,"column":18},"end":{"line":47,"column":1}},"2":{"start":{"line":5,"column":1},"end":{"line":41,"column":2}},"3":{"start":{"line":6,"column":33},"end":{"line":6,"column":42}},"4":{"start":{"line":7,"column":2},"end":{"line":40,"column":3}},"5":{"start":{"line":9,"column":4},"end":{"line":13,"column":12}},"6":{"start":{"line":14,"column":18},"end":{"line":16,"column":33}},"7":{"start":{"line":17,"column":3},"end":{"line":17,"column":45}},"8":{"start":{"line":18,"column":9},"end":{"line":40,"column":3}},"9":{"start":{"line":20,"column":4},"end":{"line":24,"column":12}},"10":{"start":{"line":25,"column":18},"end":{"line":27,"column":27}},"11":{"start":{"line":28,"column":3},"end":{"line":28,"column":45}},"12":{"start":{"line":29,"column":9},"end":{"line":40,"column":3}},"13":{"start":{"line":31,"column":4},"end":{"line":35,"column":12}},"14":{"start":{"line":36,"column":18},"end":{"line":38,"column":27}},"15":{"start":{"line":39,"column":3},"end":{"line":39,"column":45}},"16":{"start":{"line":43,"column":1},"end":{"line":46,"column":2}},"17":{"start":{"line":44,"column":17},"end":{"line":44,"column":42}},"18":{"start":{"line":45,"column":2},"end":{"line":45,"column":44}},"19":{"start":{"line":49,"column":18},"end":{"line":57,"column":1}},"20":{"start":{"line":50,"column":14},"end":{"line":50,"column":22}},"21":{"start":{"line":51,"column":15},"end":{"line":54,"column":3}},"22":{"start":{"line":56,"column":1},"end":{"line":56,"column":42}},"23":{"start":{"line":59,"column":17},"end":{"line":73,"column":1}},"24":{"start":{"line":60,"column":21},"end":{"line":60,"column":31}},"25":{"start":{"line":62,"column":15},"end":{"line":64,"column":2}},"26":{"start":{"line":66,"column":1},"end":{"line":70,"column":2}},"27":{"start":{"line":67,"column":2},"end":{"line":67,"column":18}},"28":{"start":{"line":68,"column":2},"end":{"line":68,"column":37}},"29":{"start":{"line":69,"column":2},"end":{"line":69,"column":9}},"30":{"start":{"line":72,"column":1},"end":{"line":72,"column":42}},"31":{"start":{"line":75,"column":20},"end":{"line":111,"column":1}},"32":{"start":{"line":76,"column":16},"end":{"line":76,"column":26}},"33":{"start":{"line":77,"column":26},"end":{"line":77,"column":34}},"34":{"start":{"line":78,"column":18},"end":{"line":78,"column":39}},"35":{"start":{"line":79,"column":1},"end":{"line":110,"column":2}},"36":{"start":{"line":80,"column":16},"end":{"line":80,"column":45}},"37":{"start":{"line":82,"column":2},"end":{"line":86,"column":3}},"38":{"start":{"line":83,"column":3},"end":{"line":83,"column":19}},"39":{"start":{"line":84,"column":3},"end":{"line":84,"column":44}},"40":{"start":{"line":85,"column":3},"end":{"line":85,"column":10}},"41":{"start":{"line":88,"column":2},"end":{"line":96,"column":3}},"42":{"start":{"line":89,"column":3},"end":{"line":89,"column":19}},"43":{"start":{"line":90,"column":3},"end":{"line":94,"column":6}},"44":{"start":{"line":95,"column":3},"end":{"line":95,"column":10}},"45":{"start":{"line":98,"column":2},"end":{"line":98,"column":22}},"46":{"start":{"line":99,"column":2},"end":{"line":99,"column":31}},"47":{"start":{"line":101,"column":2},"end":{"line":101,"column":21}},"48":{"start":{"line":103,"column":2},"end":{"line":103,"column":18}},"49":{"start":{"line":104,"column":2},"end":{"line":104,"column":36}},"50":{"start":{"line":105,"column":2},"end":{"line":105,"column":9}},"51":{"start":{"line":107,"column":2},"end":{"line":107,"column":18}},"52":{"start":{"line":108,"column":2},"end":{"line":108,"column":32}},"53":{"start":{"line":109,"column":2},"end":{"line":109,"column":9}},"54":{"start":{"line":113,"column":20},"end":{"line":130,"column":1}},"55":{"start":{"line":114,"column":16},"end":{"line":114,"column":26}},"56":{"start":{"line":115,"column":18},"end":{"line":115,"column":39}},"57":{"start":{"line":116,"column":1},"end":{"line":129,"column":2}},"58":{"start":{"line":117,"column":16},"end":{"line":119,"column":4}},"59":{"start":{"line":121,"column":2},"end":{"line":121,"column":18}},"60":{"start":{"line":122,"column":2},"end":{"line":122,"column":36}},"61":{"start":{"line":123,"column":2},"end":{"line":123,"column":9}},"62":{"start":{"line":125,"column":2},"end":{"line":125,"column":32}},"63":{"start":{"line":126,"column":2},"end":{"line":126,"column":18}},"64":{"start":{"line":128,"column":2},"end":{"line":128,"column":9}},"65":{"start":{"line":131,"column":0},"end":{"line":137,"column":2}}},"fnMap":{"0":{"name":"(anonymous_0)","decl":{"start":{"line":3,"column":18},"end":{"line":3,"column":19}},"loc":{"start":{"line":3,"column":38},"end":{"line":47,"column":1}},"line":3},"1":{"name":"(anonymous_1)","decl":{"start":{"line":49,"column":18},"end":{"line":49,"column":19}},"loc":{"start":{"line":49,"column":38},"end":{"line":57,"column":1}},"line":49},"2":{"name":"(anonymous_2)","decl":{"start":{"line":59,"column":17},"end":{"line":59,"column":18}},"loc":{"start":{"line":59,"column":37},"end":{"line":73,"column":1}},"line":59},"3":{"name":"(anonymous_3)","decl":{"start":{"line":75,"column":20},"end":{"line":75,"column":21}},"loc":{"start":{"line":75,"column":40},"end":{"line":111,"column":1}},"line":75},"4":{"name":"(anonymous_4)","decl":{"start":{"line":113,"column":20},"end":{"line":113,"column":21}},"loc":{"start":{"line":113,"column":40},"end":{"line":130,"column":1}},"line":113}},"branchMap":{"0":{"loc":{"start":{"line":5,"column":1},"end":{"line":41,"column":2}},"type":"if","locations":[{"start":{"line":5,"column":1},"end":{"line":41,"column":2}},{"start":{},"end":{}}],"line":5},"1":{"loc":{"start":{"line":7,"column":2},"end":{"line":40,"column":3}},"type":"if","locations":[{"start":{"line":7,"column":2},"end":{"line":40,"column":3}},{"start":{"line":18,"column":9},"end":{"line":40,"column":3}}],"line":7},"2":{"loc":{"start":{"line":9,"column":4},"end":{"line":13,"column":12}},"type":"cond-expr","locations":[{"start":{"line":10,"column":7},"end":{"line":10,"column":8}},{"start":{"line":11,"column":7},"end":{"line":13,"column":12}}],"line":9},"3":{"loc":{"start":{"line":11,"column":7},"end":{"line":13,"column":12}},"type":"cond-expr","locations":[{"start":{"line":12,"column":7},"end":{"line":12,"column":9}},{"start":{"line":13,"column":7},"end":{"line":13,"column":12}}],"line":11},"4":{"loc":{"start":{"line":18,"column":9},"end":{"line":40,"column":3}},"type":"if","locations":[{"start":{"line":18,"column":9},"end":{"line":40,"column":3}},{"start":{"line":29,"column":9},"end":{"line":40,"column":3}}],"line":18},"5":{"loc":{"start":{"line":20,"column":4},"end":{"line":24,"column":12}},"type":"cond-expr","locations":[{"start":{"line":21,"column":7},"end":{"line":21,"column":8}},{"start":{"line":22,"column":7},"end":{"line":24,"column":12}}],"line":20},"6":{"loc":{"start":{"line":22,"column":7},"end":{"line":24,"column":12}},"type":"cond-expr","locations":[{"start":{"line":23,"column":7},"end":{"line":23,"column":9}},{"start":{"line":24,"column":7},"end":{"line":24,"column":12}}],"line":22},"7":{"loc":{"start":{"line":29,"column":9},"end":{"line":40,"column":3}},"type":"if","locations":[{"start":{"line":29,"column":9},"end":{"line":40,"column":3}},{"start":{},"end":{}}],"line":29},"8":{"loc":{"start":{"line":31,"column":4},"end":{"line":35,"column":12}},"type":"cond-expr","locations":[{"start":{"line":32,"column":7},"end":{"line":32,"column":8}},{"start":{"line":33,"column":7},"end":{"line":35,"column":12}}],"line":31},"9":{"loc":{"start":{"line":33,"column":7},"end":{"line":35,"column":12}},"type":"cond-expr","locations":[{"start":{"line":34,"column":7},"end":{"line":34,"column":9}},{"start":{"line":35,"column":7},"end":{"line":35,"column":12}}],"line":33},"10":{"loc":{"start":{"line":43,"column":1},"end":{"line":46,"column":2}},"type":"if","locations":[{"start":{"line":43,"column":1},"end":{"line":46,"column":2}},{"start":{},"end":{}}],"line":43},"11":{"loc":{"start":{"line":66,"column":1},"end":{"line":70,"column":2}},"type":"if","locations":[{"start":{"line":66,"column":1},"end":{"line":70,"column":2}},{"start":{},"end":{}}],"line":66},"12":{"loc":{"start":{"line":79,"column":1},"end":{"line":110,"column":2}},"type":"if","locations":[{"start":{"line":79,"column":1},"end":{"line":110,"column":2}},{"start":{"line":106,"column":8},"end":{"line":110,"column":2}}],"line":79},"13":{"loc":{"start":{"line":82,"column":2},"end":{"line":86,"column":3}},"type":"if","locations":[{"start":{"line":82,"column":2},"end":{"line":86,"column":3}},{"start":{},"end":{}}],"line":82},"14":{"loc":{"start":{"line":88,"column":2},"end":{"line":96,"column":3}},"type":"if","locations":[{"start":{"line":88,"column":2},"end":{"line":96,"column":3}},{"start":{},"end":{}}],"line":88},"15":{"loc":{"start":{"line":116,"column":1},"end":{"line":129,"column":2}},"type":"if","locations":[{"start":{"line":116,"column":1},"end":{"line":129,"column":2}},{"start":{"line":124,"column":8},"end":{"line":129,"column":2}}],"line":116}},"s":{"0":1,"1":1,"2":4,"3":3,"4":3,"5":1,"6":1,"7":1,"8":2,"9":1,"10":1,"11":1,"12":1,"13":1,"14":1,"15":1,"16":1,"17":1,"18":1,"19":1,"20":1,"21":1,"22":1,"23":1,"24":2,"25":2,"26":2,"27":1,"28":1,"29":1,"30":1,"31":1,"32":4,"33":4,"34":4,"35":4,"36":3,"37":3,"38":1,"39":1,"40":1,"41":2,"42":1,"43":1,"44":1,"45":1,"46":1,"47":1,"48":1,"49":1,"50":1,"51":1,"52":1,"53":1,"54":1,"55":2,"56":2,"57":2,"58":1,"59":1,"60":1,"61":1,"62":1,"63":1,"64":1,"65":1},"f":{"0":4,"1":1,"2":2,"3":4,"4":2},"b":{"0":[3,1],"1":[1,2],"2":[1,0],"3":[0,0],"4":[1,1],"5":[1,0],"6":[0,0],"7":[1,0],"8":[0,1],"9":[0,1],"10":[1,0],"11":[1,1],"12":[3,1],"13":[1,2],"14":[1,1],"15":[1,1]},"_coverageSchema":"1a1c01bbd47fc00a2c39e90264f33305004495a9","hash":"cc654e0db04d4c3eb7667326c0d11c7239666efb"}
,"C:\\Users\\USER\\Desktop\\NodeJs\\Assignment\\pizza_app\\models\\orderModel.js": {"path":"C:\\Users\\USER\\Desktop\\NodeJs\\Assignment\\pizza_app\\models\\orderModel.js","statementMap":{"0":{"start":{"line":1,"column":17},"end":{"line":1,"column":36}},"1":{"start":{"line":2,"column":15},"end":{"line":2,"column":30}},"2":{"start":{"line":3,"column":17},"end":{"line":3,"column":32}},"3":{"start":{"line":4,"column":15},"end":{"line":4,"column":32}},"4":{"start":{"line":6,"column":20},"end":{"line":22,"column":2}},"5":{"start":{"line":23,"column":0},"end":{"line":31,"column":3}},"6":{"start":{"line":24,"column":13},"end":{"line":24,"column":17}},"7":{"start":{"line":25,"column":1},"end":{"line":30,"column":7}},"8":{"start":{"line":26,"column":2},"end":{"line":26,"column":37}},"9":{"start":{"line":27,"column":2},"end":{"line":27,"column":27}},"10":{"start":{"line":29,"column":2},"end":{"line":29,"column":9}},"11":{"start":{"line":33,"column":14},"end":{"line":36,"column":1}},"12":{"start":{"line":38,"column":0},"end":{"line":38,"column":23}}},"fnMap":{"0":{"name":"(anonymous_0)","decl":{"start":{"line":23,"column":24},"end":{"line":23,"column":25}},"loc":{"start":{"line":23,"column":46},"end":{"line":31,"column":1}},"line":23},"1":{"name":"(anonymous_1)","decl":{"start":{"line":25,"column":26},"end":{"line":25,"column":27}},"loc":{"start":{"line":25,"column":42},"end":{"line":30,"column":2}},"line":25}},"branchMap":{},"s":{"0":1,"1":1,"2":1,"3":1,"4":1,"5":1,"6":20,"7":20,"8":20,"9":20,"10":20,"11":1,"12":1},"f":{"0":20,"1":20},"b":{},"_coverageSchema":"1a1c01bbd47fc00a2c39e90264f33305004495a9","hash":"f9085ff9f73ee43f2fd2a65e66eec22d7f77a862"}
}
