TN:
SF:src\resources\order\order.model.js
FN:21,(anonymous_0)
FN:24,(anonymous_1)
FNF:2
FNH:2
FNDA:9,(anonymous_0)
FNDA:9,(anonymous_1)
DA:1,1
DA:2,1
DA:4,1
DA:5,1
DA:7,1
DA:21,1
DA:22,9
DA:24,9
DA:25,9
DA:26,9
DA:27,9
DA:32,1
DA:35,1
LF:13
LH:13
BRF:0
BRH:0
end_of_record
TN:
SF:src\utils\crud.js
FN:4,(anonymous_0)
FN:4,(anonymous_1)
FN:20,(anonymous_2)
FN:20,(anonymous_3)
FN:32,(anonymous_4)
FN:32,(anonymous_5)
FN:39,(anonymous_6)
FN:39,(anonymous_7)
FN:61,(anonymous_8)
FN:61,(anonymous_9)
FN:71,(anonymous_10)
FNF:11
FNH:10
FNDA:2,(anonymous_0)
FNDA:2,(anonymous_1)
FNDA:1,(anonymous_2)
FNDA:1,(anonymous_3)
FNDA:1,(anonymous_4)
FNDA:1,(anonymous_5)
FNDA:1,(anonymous_6)
FNDA:1,(anonymous_7)
FNDA:1,(anonymous_8)
FNDA:1,(anonymous_9)
FNDA:0,(anonymous_10)
DA:1,1
DA:4,2
DA:5,2
DA:7,2
DA:8,2
DA:13,2
DA:15,0
DA:20,1
DA:21,1
DA:22,1
DA:24,1
DA:25,0
DA:28,1
DA:32,1
DA:33,1
DA:35,1
DA:39,1
DA:40,1
DA:41,1
DA:43,1
DA:45,1
DA:46,0
DA:49,1
DA:50,0
DA:53,1
DA:55,1
DA:57,1
DA:61,1
DA:62,1
DA:64,1
DA:65,1
DA:67,1
DA:71,1
DA:79,1
LF:34
LH:30
BRDA:24,0,0,0
BRDA:24,0,1,1
BRDA:45,1,0,0
BRDA:45,1,1,1
BRDA:49,2,0,0
BRDA:49,2,1,1
BRF:6
BRH:3
end_of_record
